La génération a démarré 02/11/2015 15:32:08.
     1>Projet "Z:\Documents\EPSI\Hack\starter-kit-redist-v1.10\project\project.vcxproj" sur le nœud 2 (Build cible(s)).
     1>ClCompile:
         C:\Program Files (x86)\Microsoft Visual Studio 14.0\VC\bin\CL.exe /c /I"Z:\Documents\EPSI\Hack\starter-kit-redist-v1.10\libs\util\include" /I"Z:\Documents\EPSI\Hack\starter-kit-redist-v1.10\libs\socket\include" /I"Z:\Documents\EPSI\Hack\starter-kit-redist-v1.10\libs\files\include" /I"Z:\Documents\EPSI\Hack\starter-kit-redist-v1.10\libs\hash\include" /I"Z:\Documents\EPSI\Hack\starter-kit-redist-v1.10\libs\core\include" /I"Z:\Documents\EPSI\Hack\starter-kit-redist-v1.10\libs\pthreads\include" /ZI /nologo /W4 /WX- /sdl /Od /Oy- /D WIN32 /D _DEBUG /D _CONSOLE /D _LIB /D HAS_PTHREAD /D PTW32_STATIC_LIB /Gm /EHsc /RTC1 /MTd /GS /fp:precise /Zc:wchar_t /Zc:forScope /Zc:inline /Fo"Z:\Documents\EPSI\Hack\starter-kit-redist-v1.10\intermediate\project-Win32-Debug-v140\\" /Fd"Z:\Documents\EPSI\Hack\starter-kit-redist-v1.10\intermediate\project-Win32-Debug-v140\vc140.pdb" /Gd /TP /analyze- /errorReport:prompt DemoDateTime.cpp DemoException.cpp DemoFiles.cpp DemoHash.cpp DemoSocket.cpp DemoThreads.cpp DemoUtil.cpp start.cpp stdafx.cpp
         stdafx.cpp
         start.cpp
         DemoUtil.cpp
         DemoThreads.cpp
         DemoSocket.cpp
         DemoHash.cpp
         DemoFiles.cpp
         DemoException.cpp
         DemoDateTime.cpp
         Génération de code en cours...
     1>z:\documents\epsi\hack\starter-kit-redist-v1.10\project\demoexception.cpp(22): warning C4702: impossible d'atteindre le code
     1>z:\documents\epsi\hack\starter-kit-redist-v1.10\project\demosocket.cpp(167): warning C4702: impossible d'atteindre le code
       Link:
         C:\Program Files (x86)\Microsoft Visual Studio 14.0\VC\bin\link.exe /ERRORREPORT:PROMPT /OUT:"Z:\Documents\EPSI\Hack\starter-kit-redist-v1.10\output\project-Win32-Debug-v140.exe" /INCREMENTAL /NOLOGO /LIBPATH:"Z:\Documents\EPSI\Hack\starter-kit-redist-v1.10\libs\pthreads\lib" /LIBPATH:"Z:\Documents\EPSI\Hack\starter-kit-redist-v1.10\libs\util\lib" /LIBPATH:"Z:\Documents\EPSI\Hack\starter-kit-redist-v1.10\libs\hash\lib" /LIBPATH:"Z:\Documents\EPSI\Hack\starter-kit-redist-v1.10\libs\socket\lib" /LIBPATH:"Z:\Documents\EPSI\Hack\starter-kit-redist-v1.10\libs\files\lib" /LIBPATH:"Z:\Documents\EPSI\Hack\starter-kit-redist-v1.10\libs\core\lib" "libutil-static-Win32-Debug-v140.lib" "libpthread-static-Win32-Debug-v140.lib" "libcore-static-Win32-Debug-v140.lib" "libsocket-static-Win32-Debug-v140.lib" "libhash-static-Win32-Debug-v140.lib" "libfile-static-Win32-Debug-v140.lib" wsock32.lib kernel32.lib user32.lib gdi32.lib winspool.lib comdlg32.lib advapi32.lib shell32.lib ole32.lib oleaut32.lib uuid.lib odbc32.lib odbccp32.lib /MANIFEST /MANIFESTUAC:"level='asInvoker' uiAccess='false'" /manifest:embed /Debug /PDB:"Z:\Documents\EPSI\Hack\starter-kit-redist-v1.10\output\project-Win32-Debug-v140.pdb" /SUBSYSTEM:CONSOLE /TLBID:1 /DYNAMICBASE /NXCOMPAT /IMPLIB:"Z:\Documents\EPSI\Hack\starter-kit-redist-v1.10\output\project-Win32-Debug-v140.lib" /MACHINE:X86 "Z:\Documents\EPSI\Hack\starter-kit-redist-v1.10\intermediate\project-Win32-Debug-v140\DemoDateTime.obj"
         "Z:\Documents\EPSI\Hack\starter-kit-redist-v1.10\intermediate\project-Win32-Debug-v140\DemoException.obj"
         "Z:\Documents\EPSI\Hack\starter-kit-redist-v1.10\intermediate\project-Win32-Debug-v140\DemoFiles.obj"
         "Z:\Documents\EPSI\Hack\starter-kit-redist-v1.10\intermediate\project-Win32-Debug-v140\DemoHash.obj"
         "Z:\Documents\EPSI\Hack\starter-kit-redist-v1.10\intermediate\project-Win32-Debug-v140\DemoSocket.obj"
         "Z:\Documents\EPSI\Hack\starter-kit-redist-v1.10\intermediate\project-Win32-Debug-v140\DemoThreads.obj"
         "Z:\Documents\EPSI\Hack\starter-kit-redist-v1.10\intermediate\project-Win32-Debug-v140\DemoUtil.obj"
         "Z:\Documents\EPSI\Hack\starter-kit-redist-v1.10\intermediate\project-Win32-Debug-v140\start.obj"
         "Z:\Documents\EPSI\Hack\starter-kit-redist-v1.10\intermediate\project-Win32-Debug-v140\stdafx.obj"
     1>libutil-static-Win32-Debug-v140.lib(CUtil.obj) : warning LNK4099: PDB 'libutil-static.pdb' n'a pu être trouvé avec 'libutil-static-Win32-Debug-v140.lib(CUtil.obj)' ou sur 'Z:\Documents\EPSI\Hack\starter-kit-redist-v1.10\output\libutil-static.pdb' ; l'objet sera lié sans informations de débogage
     1>libutil-static-Win32-Debug-v140.lib(stdafx.obj) : warning LNK4099: PDB 'libutil-static.pdb' n'a pu être trouvé avec 'libutil-static-Win32-Debug-v140.lib(stdafx.obj)' ou sur 'Z:\Documents\EPSI\Hack\starter-kit-redist-v1.10\output\libutil-static.pdb' ; l'objet sera lié sans informations de débogage
     1>libpthread-static-Win32-Debug-v140.lib(pthread.obj) : warning LNK4099: PDB 'libpthread-static.pdb' n'a pu être trouvé avec 'libpthread-static-Win32-Debug-v140.lib(pthread.obj)' ou sur 'Z:\Documents\EPSI\Hack\starter-kit-redist-v1.10\output\libpthread-static.pdb' ; l'objet sera lié sans informations de débogage
     1>libcore-static-Win32-Debug-v140.lib(CDateTime.obj) : warning LNK4099: PDB 'libcore-static.pdb' n'a pu être trouvé avec 'libcore-static-Win32-Debug-v140.lib(CDateTime.obj)' ou sur 'Z:\Documents\EPSI\Hack\starter-kit-redist-v1.10\output\libcore-static.pdb' ; l'objet sera lié sans informations de débogage
     1>libcore-static-Win32-Debug-v140.lib(CException.obj) : warning LNK4099: PDB 'libcore-static.pdb' n'a pu être trouvé avec 'libcore-static-Win32-Debug-v140.lib(CException.obj)' ou sur 'Z:\Documents\EPSI\Hack\starter-kit-redist-v1.10\output\libcore-static.pdb' ; l'objet sera lié sans informations de débogage
     1>libcore-static-Win32-Debug-v140.lib(stdafx.obj) : warning LNK4099: PDB 'libcore-static.pdb' n'a pu être trouvé avec 'libcore-static-Win32-Debug-v140.lib(stdafx.obj)' ou sur 'Z:\Documents\EPSI\Hack\starter-kit-redist-v1.10\output\libcore-static.pdb' ; l'objet sera lié sans informations de débogage
     1>libsocket-static-Win32-Debug-v140.lib(CSocket.obj) : warning LNK4099: PDB 'libsocket-static.pdb' n'a pu être trouvé avec 'libsocket-static-Win32-Debug-v140.lib(CSocket.obj)' ou sur 'Z:\Documents\EPSI\Hack\starter-kit-redist-v1.10\output\libsocket-static.pdb' ; l'objet sera lié sans informations de débogage
     1>libsocket-static-Win32-Debug-v140.lib(CSocketIp4.obj) : warning LNK4099: PDB 'libsocket-static.pdb' n'a pu être trouvé avec 'libsocket-static-Win32-Debug-v140.lib(CSocketIp4.obj)' ou sur 'Z:\Documents\EPSI\Hack\starter-kit-redist-v1.10\output\libsocket-static.pdb' ; l'objet sera lié sans informations de débogage
     1>libsocket-static-Win32-Debug-v140.lib(CBrokenSocketException.obj) : warning LNK4099: PDB 'libsocket-static.pdb' n'a pu être trouvé avec 'libsocket-static-Win32-Debug-v140.lib(CBrokenSocketException.obj)' ou sur 'Z:\Documents\EPSI\Hack\starter-kit-redist-v1.10\output\libsocket-static.pdb' ; l'objet sera lié sans informations de débogage
     1>libsocket-static-Win32-Debug-v140.lib(CConnectionException.obj) : warning LNK4099: PDB 'libsocket-static.pdb' n'a pu être trouvé avec 'libsocket-static-Win32-Debug-v140.lib(CConnectionException.obj)' ou sur 'Z:\Documents\EPSI\Hack\starter-kit-redist-v1.10\output\libsocket-static.pdb' ; l'objet sera lié sans informations de débogage
     1>libsocket-static-Win32-Debug-v140.lib(CServerSocketException.obj) : warning LNK4099: PDB 'libsocket-static.pdb' n'a pu être trouvé avec 'libsocket-static-Win32-Debug-v140.lib(CServerSocketException.obj)' ou sur 'Z:\Documents\EPSI\Hack\starter-kit-redist-v1.10\output\libsocket-static.pdb' ; l'objet sera lié sans informations de débogage
     1>libsocket-static-Win32-Debug-v140.lib(CSocketIOException.obj) : warning LNK4099: PDB 'libsocket-static.pdb' n'a pu être trouvé avec 'libsocket-static-Win32-Debug-v140.lib(CSocketIOException.obj)' ou sur 'Z:\Documents\EPSI\Hack\starter-kit-redist-v1.10\output\libsocket-static.pdb' ; l'objet sera lié sans informations de débogage
     1>libsocket-static-Win32-Debug-v140.lib(stdafx.obj) : warning LNK4099: PDB 'libsocket-static.pdb' n'a pu être trouvé avec 'libsocket-static-Win32-Debug-v140.lib(stdafx.obj)' ou sur 'Z:\Documents\EPSI\Hack\starter-kit-redist-v1.10\output\libsocket-static.pdb' ; l'objet sera lié sans informations de débogage
     1>libhash-static-Win32-Debug-v140.lib(CHashNone.obj) : warning LNK4099: PDB 'libhash-static.pdb' n'a pu être trouvé avec 'libhash-static-Win32-Debug-v140.lib(CHashNone.obj)' ou sur 'Z:\Documents\EPSI\Hack\starter-kit-redist-v1.10\output\libhash-static.pdb' ; l'objet sera lié sans informations de débogage
     1>libhash-static-Win32-Debug-v140.lib(CHashCrc32.obj) : warning LNK4099: PDB 'libhash-static.pdb' n'a pu être trouvé avec 'libhash-static-Win32-Debug-v140.lib(CHashCrc32.obj)' ou sur 'Z:\Documents\EPSI\Hack\starter-kit-redist-v1.10\output\libhash-static.pdb' ; l'objet sera lié sans informations de débogage
     1>libhash-static-Win32-Debug-v140.lib(CHashMd5.obj) : warning LNK4099: PDB 'libhash-static.pdb' n'a pu être trouvé avec 'libhash-static-Win32-Debug-v140.lib(CHashMd5.obj)' ou sur 'Z:\Documents\EPSI\Hack\starter-kit-redist-v1.10\output\libhash-static.pdb' ; l'objet sera lié sans informations de débogage
     1>libhash-static-Win32-Debug-v140.lib(CHashSha1.obj) : warning LNK4099: PDB 'libhash-static.pdb' n'a pu être trouvé avec 'libhash-static-Win32-Debug-v140.lib(CHashSha1.obj)' ou sur 'Z:\Documents\EPSI\Hack\starter-kit-redist-v1.10\output\libhash-static.pdb' ; l'objet sera lié sans informations de débogage
     1>libhash-static-Win32-Debug-v140.lib(CHashSha224.obj) : warning LNK4099: PDB 'libhash-static.pdb' n'a pu être trouvé avec 'libhash-static-Win32-Debug-v140.lib(CHashSha224.obj)' ou sur 'Z:\Documents\EPSI\Hack\starter-kit-redist-v1.10\output\libhash-static.pdb' ; l'objet sera lié sans informations de débogage
     1>libhash-static-Win32-Debug-v140.lib(CHashSha256.obj) : warning LNK4099: PDB 'libhash-static.pdb' n'a pu être trouvé avec 'libhash-static-Win32-Debug-v140.lib(CHashSha256.obj)' ou sur 'Z:\Documents\EPSI\Hack\starter-kit-redist-v1.10\output\libhash-static.pdb' ; l'objet sera lié sans informations de débogage
     1>libhash-static-Win32-Debug-v140.lib(crc32.obj) : warning LNK4099: PDB 'libhash-static.pdb' n'a pu être trouvé avec 'libhash-static-Win32-Debug-v140.lib(crc32.obj)' ou sur 'Z:\Documents\EPSI\Hack\starter-kit-redist-v1.10\output\libhash-static.pdb' ; l'objet sera lié sans informations de débogage
     1>libhash-static-Win32-Debug-v140.lib(md5.obj) : warning LNK4099: PDB 'libhash-static.pdb' n'a pu être trouvé avec 'libhash-static-Win32-Debug-v140.lib(md5.obj)' ou sur 'Z:\Documents\EPSI\Hack\starter-kit-redist-v1.10\output\libhash-static.pdb' ; l'objet sera lié sans informations de débogage
     1>libhash-static-Win32-Debug-v140.lib(sha1.obj) : warning LNK4099: PDB 'libhash-static.pdb' n'a pu être trouvé avec 'libhash-static-Win32-Debug-v140.lib(sha1.obj)' ou sur 'Z:\Documents\EPSI\Hack\starter-kit-redist-v1.10\output\libhash-static.pdb' ; l'objet sera lié sans informations de débogage
     1>libhash-static-Win32-Debug-v140.lib(sha2.obj) : warning LNK4099: PDB 'libhash-static.pdb' n'a pu être trouvé avec 'libhash-static-Win32-Debug-v140.lib(sha2.obj)' ou sur 'Z:\Documents\EPSI\Hack\starter-kit-redist-v1.10\output\libhash-static.pdb' ; l'objet sera lié sans informations de débogage
     1>libhash-static-Win32-Debug-v140.lib(stdafx.obj) : warning LNK4099: PDB 'libhash-static.pdb' n'a pu être trouvé avec 'libhash-static-Win32-Debug-v140.lib(stdafx.obj)' ou sur 'Z:\Documents\EPSI\Hack\starter-kit-redist-v1.10\output\libhash-static.pdb' ; l'objet sera lié sans informations de débogage
     1>libfile-static-Win32-Debug-v140.lib(CFile.obj) : warning LNK4099: PDB 'libfile-static.pdb' n'a pu être trouvé avec 'libfile-static-Win32-Debug-v140.lib(CFile.obj)' ou sur 'Z:\Documents\EPSI\Hack\starter-kit-redist-v1.10\output\libfile-static.pdb' ; l'objet sera lié sans informations de débogage
     1>libfile-static-Win32-Debug-v140.lib(CFileBinary.obj) : warning LNK4099: PDB 'libfile-static.pdb' n'a pu être trouvé avec 'libfile-static-Win32-Debug-v140.lib(CFileBinary.obj)' ou sur 'Z:\Documents\EPSI\Hack\starter-kit-redist-v1.10\output\libfile-static.pdb' ; l'objet sera lié sans informations de débogage
     1>libfile-static-Win32-Debug-v140.lib(CFileIOException.obj) : warning LNK4099: PDB 'libfile-static.pdb' n'a pu être trouvé avec 'libfile-static-Win32-Debug-v140.lib(CFileIOException.obj)' ou sur 'Z:\Documents\EPSI\Hack\starter-kit-redist-v1.10\output\libfile-static.pdb' ; l'objet sera lié sans informations de débogage
     1>libfile-static-Win32-Debug-v140.lib(CFileText.obj) : warning LNK4099: PDB 'libfile-static.pdb' n'a pu être trouvé avec 'libfile-static-Win32-Debug-v140.lib(CFileText.obj)' ou sur 'Z:\Documents\EPSI\Hack\starter-kit-redist-v1.10\output\libfile-static.pdb' ; l'objet sera lié sans informations de débogage
     1>libfile-static-Win32-Debug-v140.lib(CFSObject.obj) : warning LNK4099: PDB 'libfile-static.pdb' n'a pu être trouvé avec 'libfile-static-Win32-Debug-v140.lib(CFSObject.obj)' ou sur 'Z:\Documents\EPSI\Hack\starter-kit-redist-v1.10\output\libfile-static.pdb' ; l'objet sera lié sans informations de débogage
     1>libfile-static-Win32-Debug-v140.lib(COpenFileException.obj) : warning LNK4099: PDB 'libfile-static.pdb' n'a pu être trouvé avec 'libfile-static-Win32-Debug-v140.lib(COpenFileException.obj)' ou sur 'Z:\Documents\EPSI\Hack\starter-kit-redist-v1.10\output\libfile-static.pdb' ; l'objet sera lié sans informations de débogage
     1>libfile-static-Win32-Debug-v140.lib(stdafx.obj) : warning LNK4099: PDB 'libfile-static.pdb' n'a pu être trouvé avec 'libfile-static-Win32-Debug-v140.lib(stdafx.obj)' ou sur 'Z:\Documents\EPSI\Hack\starter-kit-redist-v1.10\output\libfile-static.pdb' ; l'objet sera lié sans informations de débogage
         project.vcxproj -> Z:\Documents\EPSI\Hack\starter-kit-redist-v1.10\output\project-Win32-Debug-v140.exe
     1>Génération du projet "Z:\Documents\EPSI\Hack\starter-kit-redist-v1.10\project\project.vcxproj" terminée (Build cible(s)).

La génération a réussi.

Temps écoulé 00:00:07.46
